0 info it worked if it ends with ok
1 verbose cli [ '/usr/local/bin/node', '/usr/local/bin/npm', 'publish' ]
2 info using npm@3.10.10
3 info using node@v7.2.1
4 verbose publish [ '.' ]
5 silly cache add args [ '.', null ]
6 verbose cache add spec .
7 silly cache add parsed spec Result {
7 silly cache add   raw: '.',
7 silly cache add   scope: null,
7 silly cache add   escapedName: null,
7 silly cache add   name: null,
7 silly cache add   rawSpec: '.',
7 silly cache add   spec: '/Users/ZolayvarE/mindful',
7 silly cache add   type: 'directory' }
8 verbose addLocalDirectory /Users/ZolayvarE/.npm/mindful/1.0.0/package.tgz not in flight; packing
9 verbose correctMkdir /Users/ZolayvarE/.npm correctMkdir not in flight; initializing
10 info lifecycle mindful@1.0.0~prepublish: mindful@1.0.0
11 silly lifecycle mindful@1.0.0~prepublish: no script for prepublish, continuing
12 verbose tar pack [ '/Users/ZolayvarE/.npm/mindful/1.0.0/package.tgz',
12 verbose tar pack   '/Users/ZolayvarE/mindful' ]
13 verbose tarball /Users/ZolayvarE/.npm/mindful/1.0.0/package.tgz
14 verbose folder /Users/ZolayvarE/mindful
15 verbose addLocalTarball adding from inside cache /Users/ZolayvarE/.npm/mindful/1.0.0/package.tgz
16 verbose correctMkdir /Users/ZolayvarE/.npm correctMkdir not in flight; initializing
17 silly cache afterAdd mindful@1.0.0
18 verbose afterAdd /Users/ZolayvarE/.npm/mindful/1.0.0/package/package.json not in flight; writing
19 verbose correctMkdir /Users/ZolayvarE/.npm correctMkdir not in flight; initializing
20 verbose afterAdd /Users/ZolayvarE/.npm/mindful/1.0.0/package/package.json written
21 silly publish { name: 'mindful',
21 silly publish   version: '1.0.0',
21 silly publish   description: 'A user friendly state manager for React.',
21 silly publish   main: 'index.js',
21 silly publish   scripts: { test: 'echo "Error: no test specified" && exit 1' },
21 silly publish   keywords:
21 silly publish    [ 'React',
21 silly publish      'Redux',
21 silly publish      'state',
21 silly publish      'manager',
21 silly publish      'state=manager',
21 silly publish      'management',
21 silly publish      'state-management' ],
21 silly publish   author: { name: 'Eric Zolayvar' },
21 silly publish   license: 'MIT',
21 silly publish   readme: 'ERROR: No README data found!',
21 silly publish   readmeFilename: 'README.md',
21 silly publish   gitHead: '89321dd8cdc08d2669cd7580581778b86c7e4a1c',
21 silly publish   _id: 'mindful@1.0.0',
21 silly publish   _shasum: '646b99b03e94400538fefa0b8e4adbe2acbde34b',
21 silly publish   _from: '.' }
22 verbose getPublishConfig undefined
23 silly mapToRegistry name mindful
24 silly mapToRegistry using default registry
25 silly mapToRegistry registry https://registry.npmjs.org/
26 silly mapToRegistry data Result {
26 silly mapToRegistry   raw: 'mindful',
26 silly mapToRegistry   scope: null,
26 silly mapToRegistry   escapedName: 'mindful',
26 silly mapToRegistry   name: 'mindful',
26 silly mapToRegistry   rawSpec: '',
26 silly mapToRegistry   spec: 'latest',
26 silly mapToRegistry   type: 'tag' }
27 silly mapToRegistry uri https://registry.npmjs.org/mindful
28 verbose publish registryBase https://registry.npmjs.org/
29 silly publish uploading /Users/ZolayvarE/.npm/mindful/1.0.0/package.tgz
30 verbose request uri https://registry.npmjs.org/mindful
31 verbose request sending authorization for write operation
32 info attempt registry request try #1 at 4:59:32 PM
33 verbose request using bearer token for auth
34 verbose request id 3e1cf0093400fc86
35 http request PUT https://registry.npmjs.org/mindful
36 http 403 https://registry.npmjs.org/mindful
37 verbose headers { 'content-type': 'application/json',
37 verbose headers   'cache-control': 'max-age=300',
37 verbose headers   'content-length': '95',
37 verbose headers   'accept-ranges': 'bytes',
37 verbose headers   date: 'Wed, 28 Dec 2016 00:59:32 GMT',
37 verbose headers   via: '1.1 varnish',
37 verbose headers   connection: 'keep-alive',
37 verbose headers   'x-served-by': 'cache-sjc3646-SJC',
37 verbose headers   'x-cache': 'MISS',
37 verbose headers   'x-cache-hits': '0',
37 verbose headers   'x-timer': 'S1482886772.454534,VS0,VE161',
37 verbose headers   vary: 'Accept-Encoding' }
38 verbose request invalidating /Users/ZolayvarE/.npm/registry.npmjs.org/mindful on PUT
39 error publish Failed PUT 403
40 verbose stack Error: "You cannot publish over the previously published version 1.0.0." : mindful
40 verbose stack     at makeError (/usr/local/lib/node_modules/npm/node_modules/npm-registry-client/lib/request.js:302:12)
40 verbose stack     at CachingRegistryClient.<anonymous> (/usr/local/lib/node_modules/npm/node_modules/npm-registry-client/lib/request.js:290:14)
40 verbose stack     at Request._callback (/usr/local/lib/node_modules/npm/node_modules/npm-registry-client/lib/request.js:210:14)
40 verbose stack     at Request.self.callback (/usr/local/lib/node_modules/npm/node_modules/request/request.js:187:22)
40 verbose stack     at emitTwo (events.js:106:13)
40 verbose stack     at Request.emit (events.js:191:7)
40 verbose stack     at Request.<anonymous> (/usr/local/lib/node_modules/npm/node_modules/request/request.js:1048:10)
40 verbose stack     at emitOne (events.js:96:13)
40 verbose stack     at Request.emit (events.js:188:7)
40 verbose stack     at IncomingMessage.<anonymous> (/usr/local/lib/node_modules/npm/node_modules/request/request.js:969:12)
41 verbose statusCode 403
42 verbose pkgid mindful
43 verbose cwd /Users/ZolayvarE/mindful
44 error Darwin 15.6.0
45 error argv "/usr/local/bin/node" "/usr/local/bin/npm" "publish"
46 error node v7.2.1
47 error npm  v3.10.10
48 error code E403
49 error "You cannot publish over the previously published version 1.0.0." : mindful
50 error If you need help, you may report this error at:
50 error     <https://github.com/npm/npm/issues>
51 verbose exit [ 1, true ]
